<?xml version="1.0" encoding="UTF-8"?>
<testng-results ignored="0" total="1" passed="1" failed="0" skipped="0">
  <reporter-output>
  </reporter-output>
  <suite started-at="2022-01-21T21:57:48 CST" name="Suite" finished-at="2022-01-21T21:58:54 CST" duration-ms="66085">
    <groups>
    </groups>
    <test started-at="2022-01-21T21:57:48 CST" name="Test" finished-at="2022-01-21T21:58:54 CST" duration-ms="66085">
      <class name="testCases.TC_bookingFlight_01">
        <test-method is-config="true" signature="initializeDriver()[pri:0, instance:testCases.TC_bookingFlight_01@3e6ef8ad]" started-at="2022-01-21T21:57:48 CST" name="initializeDriver" finished-at="2022-01-21T21:57:53 CST" duration-ms="5577" status="PASS">
          <reporter-output>
          </reporter-output>
        </test-method> <!-- initializeDriver -->
        <test-method signature="bookingFlight()[pri:0, instance:testCases.TC_bookingFlight_01@3e6ef8ad]" started-at="2022-01-21T21:57:53 CST" name="bookingFlight" finished-at="2022-01-21T21:58:53 CST" duration-ms="60135" status="PASS">
          <reporter-output>
          </reporter-output>
        </test-method> <!-- bookingFlight -->
        <test-method is-config="true" signature="teardown()[pri:0, instance:testCases.TC_bookingFlight_01@3e6ef8ad]" started-at="2022-01-21T21:58:53 CST" name="teardown" finished-at="2022-01-21T21:58:54 CST" duration-ms="330" status="PASS">
          <reporter-output>
          </reporter-output>
        </test-method> <!-- teardown -->
      </class> <!-- testCases.TC_bookingFlight_01 -->
    </test> <!-- Test -->
  </suite> <!-- Suite -->
</testng-results>
