<?xml version="1.0" encoding="UTF-8"?>
<testng-results ignored="0" total="1" passed="1" failed="0" skipped="0">
  <reporter-output>
  </reporter-output>
  <suite started-at="2022-01-21T21:59:58 CST" name="Suite" finished-at="2022-01-21T22:00:16 CST" duration-ms="17584">
    <groups>
    </groups>
    <test started-at="2022-01-21T21:59:58 CST" name="Test" finished-at="2022-01-21T22:00:16 CST" duration-ms="17584">
      <class name="testCases.TC_searchProduct_001">
        <test-method is-config="true" signature="initializeDriver()[pri:0, instance:testCases.TC_searchProduct_001@55536d9e]" started-at="2022-01-21T21:59:58 CST" name="initializeDriver" finished-at="2022-01-21T22:00:01 CST" duration-ms="3278" status="PASS">
          <reporter-output>
          </reporter-output>
        </test-method> <!-- initializeDriver -->
        <test-method signature="AmazonProduct()[pri:0, instance:testCases.TC_searchProduct_001@55536d9e]" started-at="2022-01-21T22:00:01 CST" name="AmazonProduct" finished-at="2022-01-21T22:00:15 CST" duration-ms="13701" status="PASS">
          <reporter-output>
          </reporter-output>
        </test-method> <!-- AmazonProduct -->
        <test-method is-config="true" signature="teardown()[pri:0, instance:testCases.TC_searchProduct_001@55536d9e]" started-at="2022-01-21T22:00:16 CST" name="teardown" finished-at="2022-01-21T22:00:16 CST" duration-ms="151" status="PASS">
          <reporter-output>
          </reporter-output>
        </test-method> <!-- teardown -->
      </class> <!-- testCases.TC_searchProduct_001 -->
    </test> <!-- Test -->
  </suite> <!-- Suite -->
</testng-results>
